<?xml version="1.0" encoding="UTF-8"?>
<!-- Generated by org.testng.reporters.JUnitXMLReporter -->
<testsuite ignored="0" hostname="LAPTOP-FIGT9D78" failures="0" tests="19" name="Test" time="5.232" errors="0" timestamp="2024-06-16T00:25:12 IST">
  <testcase classname="com.swades.rainFall.testCases.GET_get_metric__hrly_data" name="get_metric__hrly_data" time="0.213"/>
  <testcase classname="com.swades.rainFall.testCases.GET_getFlowMeasurementData" name="getFlowMeasurementData" time="0.112"/>
  <testcase classname="com.swades.rainFall.testCases.GET_reportsargandsunshinedata" name="get_reportsargandsunshinedata" time="0.106"/>
  <testcase classname="com.swades.rainFall.testCases.GET_reportsclimaticReport" name="get_reportsclimaticReport" time="0.169"/>
  <testcase classname="com.swades.rainFall.testCases.GET_reportsargandsrgdata" name="get_reportsargandsrgdata" time="0.414"/>
  <testcase classname="com.swades.rainFall.testCases.GET_reportsrainfallReport" name="get_reportsrainfallReport" time="0.267"/>
  <testcase classname="com.swades.rainFall.testCases.GET_get_fps_hrly_data" name="get_fps_hrly_data" time="0.114"/>
  <testcase classname="com.swades.rainFall.testCases.GET_get_sum_sqs_data" name="get_sum_sqs_data" time="0.125"/>
  <testcase classname="com.swades.rainFall.testCases.GET_climaticall" name="get_climaticall" time="0.118"/>
  <testcase classname="com.swades.rainFall.testCases.GET_reportsargtdandsrgdata" name="get_reportsargtdandsrgdata" time="0.116"/>
  <testcase classname="com.swades.rainFall.testCases.GET_ObsDataHRall" name="get_ObsDataHRall" time="0.34"/>
  <testcase classname="com.swades.rainFall.testCases.GET_Rainfall" name="get_Rainfall" time="0.134"/>
  <testcase classname="com.swades.master.testCases.GET_StationWiseSeriesData" name="StationWiseSeriesData" time="0.131"/>
  <testcase classname="com.swades.master.testCases.GET_MasterStationAll" name="get_DownloadMasterDetails" time="0.731"/>
  <testcase classname="com.swades.master.testCases.GET_getobsdata" name="get_getobsdata" time="0.268"/>
  <testcase classname="com.swades.master.testCases.GET_master_rl" name="GET_Master_rl" time="0.104"/>
  <testcase classname="com.swades.master.testCases.GET_getNearestStations" name="getNearestStations" time="0.107"/>
  <testcase classname="com.swades.master.testCases.GET_MasterResponseall" name="get_MasterResponseall" time="0.524"/>
  <testcase classname="com.swades.master.testCases.GET_findAllSeries" name="get_findAllSeries" time="0.805"/>
</testsuite> <!-- Test -->
