<?xml version="1.0" encoding="UTF-8"?>
<!-- Generated by org.testng.reporters.JUnitXMLReporter -->
<testsuite hostname="LAPTOP-FIGT9D78" ignored="0" name="Test" tests="19" failures="0" timestamp="2024-06-18T12:39:19 IST" time="4.927" errors="0">
  <testcase name="get_metric__hrly_data" time="0.219" classname="com.swades.rainFall.testCases.GET_get_metric__hrly_data"/>
  <testcase name="getFlowMeasurementData" time="0.145" classname="com.swades.rainFall.testCases.GET_getFlowMeasurementData"/>
  <testcase name="get_reportsargandsunshinedata" time="0.111" classname="com.swades.rainFall.testCases.GET_reportsargandsunshinedata"/>
  <testcase name="get_reportsclimaticReport" time="0.182" classname="com.swades.rainFall.testCases.GET_reportsclimaticReport"/>
  <testcase name="get_reportsargandsrgdata" time="0.425" classname="com.swades.rainFall.testCases.GET_reportsargandsrgdata"/>
  <testcase name="get_reportsrainfallReport" time="0.271" classname="com.swades.rainFall.testCases.GET_reportsrainfallReport"/>
  <testcase name="get_fps_hrly_data" time="0.095" classname="com.swades.rainFall.testCases.GET_get_fps_hrly_data"/>
  <testcase name="get_sum_sqs_data" time="0.113" classname="com.swades.rainFall.testCases.GET_get_sum_sqs_data"/>
  <testcase name="get_climaticall" time="0.097" classname="com.swades.rainFall.testCases.GET_climaticall"/>
  <testcase name="get_reportsargtdandsrgdata" time="0.101" classname="com.swades.rainFall.testCases.GET_reportsargtdandsrgdata"/>
  <testcase name="get_ObsDataHRall" time="0.311" classname="com.swades.rainFall.testCases.GET_ObsDataHRall"/>
  <testcase name="get_Rainfall" time="0.11" classname="com.swades.rainFall.testCases.GET_Rainfall"/>
  <testcase name="StationWiseSeriesData" time="0.092" classname="com.swades.master.testCases.GET_StationWiseSeriesData"/>
  <testcase name="get_DownloadMasterDetails" time="0.558" classname="com.swades.master.testCases.GET_MasterStationAll"/>
  <testcase name="get_getobsdata" time="0.267" classname="com.swades.master.testCases.GET_getobsdata"/>
  <testcase name="GET_Master_rl" time="0.108" classname="com.swades.master.testCases.GET_master_rl"/>
  <testcase name="getNearestStations" time="0.117" classname="com.swades.master.testCases.GET_getNearestStations"/>
  <testcase name="get_MasterResponseall" time="0.388" classname="com.swades.master.testCases.GET_MasterResponseall"/>
  <testcase name="get_findAllSeries" time="0.905" classname="com.swades.master.testCases.GET_findAllSeries"/>
</testsuite> <!-- Test -->
