<?xml version="1.0" encoding="UTF-8"?>
<testng-results ignored="0" total="1" passed="1" failed="0" skipped="0">
  <reporter-output>
  </reporter-output>
  <suite started-at="2024-06-18T12:38:40 IST" name="Default suite" finished-at="2024-06-18T12:38:41 IST" duration-ms="1178">
    <groups>
    </groups>
    <test started-at="2024-06-18T12:38:40 IST" name="Default test" finished-at="2024-06-18T12:38:41 IST" duration-ms="1178">
      <class name="com.swades.master.testCases.GET_findAllSeries">
        <test-method signature="get_findAllSeries()[pri:0, instance:com.swades.master.testCases.GET_findAllSeries@16a5eb6d]" started-at="2024-06-18T12:38:40 IST" name="get_findAllSeries" finished-at="2024-06-18T12:38:41 IST" duration-ms="1137" status="PASS">
          <reporter-output>
          </reporter-output>
        </test-method> <!-- get_findAllSeries -->
      </class> <!-- com.swades.master.testCases.GET_findAllSeries -->
    </test> <!-- Default test -->
  </suite> <!-- Default suite -->
</testng-results>
